[2023-09-23T15:28:02.002Z] [org.springframework.boot.StartupInfoLogger] [main] [55] [INFO ] Starting CustomerApplication using Java 20.0.1 on INBook_X1 with PID 7924 (D:\Projects\customer\customer\target\classes started by saura in D:\Projects\customer\customer)
[2023-09-23T15:28:02.002Z] [org.springframework.boot.SpringApplication] [main] [631] [INFO ] No active profile set, falling back to 1 default profile: "default"
[2023-09-23T15:28:02.002Z] [org.springframework.data.repository.config.RepositoryConfigurationDelegate] [main] [132] [INFO ] Bootstrapping Spring Data JPA repositories in DEFAULT mode.
[2023-09-23T15:28:02.002Z] [org.springframework.data.repository.config.RepositoryConfigurationDelegate] [main] [201] [INFO ] Finished Spring Data repository scanning in 65 ms. Found 1 JPA repository interfaces.
[2023-09-23T15:28:03.003Z] [org.springframework.boot.web.embedded.tomcat.TomcatWebServer] [main] [108] [INFO ] Tomcat initialized with port(s): 8083 (http)
[2023-09-23T15:28:03.003Z] [org.apache.juli.logging.DirectJDKLog] [main] [173] [INFO ] Initializing ProtocolHandler ["http-nio-8083"]
[2023-09-23T15:28:03.003Z] [org.apache.juli.logging.DirectJDKLog] [main] [173] [INFO ] Starting service [Tomcat]
[2023-09-23T15:28:03.003Z] [org.apache.juli.logging.DirectJDKLog] [main] [173] [INFO ] Starting Servlet engine: [Apache Tomcat/9.0.76]
[2023-09-23T15:28:03.003Z] [org.apache.juli.logging.DirectJDKLog] [main] [173] [INFO ] Initializing Spring embedded WebApplicationContext
[2023-09-23T15:28:03.003Z] [org.springframework.boot.web.servlet.context.ServletWebServerApplicationContext] [main] [292] [INFO ] Root WebApplicationContext: initialization completed in 1740 ms
[2023-09-23T15:28:03.003Z] [com.zaxxer.hikari.HikariDataSource] [main] [110] [INFO ] HikariPool-1 - Starting...
[2023-09-23T15:28:04.004Z] [com.zaxxer.hikari.HikariDataSource] [main] [123] [INFO ] HikariPool-1 - Start completed.
[2023-09-23T15:28:04.004Z] [org.springframework.boot.autoconfigure.h2.H2ConsoleAutoConfiguration] [main] [98] [INFO ] H2 console available at '/h2-console'. Database available at 'jdbc:h2:mem:testdb'
[2023-09-23T15:28:04.004Z] [org.hibernate.jpa.internal.util.LogHelper] [main] [31] [INFO ] HHH000204: Processing PersistenceUnitInfo [name: default]
[2023-09-23T15:28:04.004Z] [org.hibernate.Version] [main] [44] [INFO ] HHH000412: Hibernate ORM core version 5.6.15.Final
[2023-09-23T15:28:04.004Z] [org.hibernate.annotations.common.reflection.java.JavaReflectionManager] [main] [56] [INFO ] HCANN000001: Hibernate Commons Annotations {5.1.2.Final}
[2023-09-23T15:28:04.004Z] [org.hibernate.dialect.Dialect] [main] [175] [INFO ] HHH000400: Using dialect: org.hibernate.dialect.H2Dialect
[2023-09-23T15:28:05.005Z] [org.hibernate.engine.transaction.jta.platform.internal.JtaPlatformInitiator] [main] [52] [INFO ] HHH000490: Using JtaPlatform implementation: [org.hibernate.engine.transaction.jta.platform.internal.NoJtaPlatform]
[2023-09-23T15:28:05.005Z] [org.springframework.orm.jpa.AbstractEntityManagerFactoryBean] [main] [437] [INFO ] Initialized JPA EntityManagerFactory for persistence unit 'default'
[2023-09-23T15:28:05.005Z] [org.springframework.boot.autoconfigure.orm.jpa.JpaBaseConfiguration$JpaWebConfiguration] [main] [223] [WARN ] spring.jpa.open-in-view is enabled by default. Therefore, database queries may be performed during view rendering. Explicitly configure spring.jpa.open-in-view to disable this warning
[2023-09-23T15:28:06.006Z] [org.apache.juli.logging.DirectJDKLog] [main] [173] [INFO ] Starting ProtocolHandler ["http-nio-8083"]
[2023-09-23T15:28:06.006Z] [org.springframework.boot.web.embedded.tomcat.TomcatWebServer] [main] [220] [INFO ] Tomcat started on port(s): 8083 (http) with context path ''
[2023-09-23T15:28:06.006Z] [org.springframework.boot.StartupInfoLogger] [main] [61] [INFO ] Started CustomerApplication in 4.443 seconds (JVM running for 4.966)
[2023-09-23T15:30:34.034Z] [org.apache.juli.logging.DirectJDKLog] [http-nio-8083-exec-3] [173] [INFO ] Initializing Spring DispatcherServlet 'dispatcherServlet'
[2023-09-23T15:30:34.034Z] [org.springframework.web.servlet.FrameworkServlet] [http-nio-8083-exec-3] [525] [INFO ] Initializing Servlet 'dispatcherServlet'
[2023-09-23T15:30:34.034Z] [org.springframework.web.servlet.FrameworkServlet] [http-nio-8083-exec-3] [547] [INFO ] Completed initialization in 7 ms
[2023-09-23T15:34:17.017Z] [com.market.customer.service.CustomerService] [http-nio-8083-exec-8] [56] [ERROR] Customer deleted successfully
[2023-09-23T15:34:21.021Z] [com.market.customer.service.CustomerService] [http-nio-8083-exec-9] [61] [ERROR] Invalid Id: 3
[2023-09-23T15:37:26.026Z] [org.springframework.boot.StartupInfoLogger] [main] [55] [INFO ] Starting CustomerApplication using Java 20.0.1 on INBook_X1 with PID 3648 (D:\Projects\customer\customer\target\classes started by saura in D:\Projects\customer\customer)
[2023-09-23T15:37:26.026Z] [org.springframework.boot.SpringApplication] [main] [631] [INFO ] No active profile set, falling back to 1 default profile: "default"
[2023-09-23T15:37:27.027Z] [org.springframework.data.repository.config.RepositoryConfigurationDelegate] [main] [132] [INFO ] Bootstrapping Spring Data JPA repositories in DEFAULT mode.
[2023-09-23T15:37:27.027Z] [org.springframework.data.repository.config.RepositoryConfigurationDelegate] [main] [201] [INFO ] Finished Spring Data repository scanning in 54 ms. Found 1 JPA repository interfaces.
[2023-09-23T15:37:28.028Z] [org.springframework.boot.web.embedded.tomcat.TomcatWebServer] [main] [108] [INFO ] Tomcat initialized with port(s): 8083 (http)
[2023-09-23T15:37:28.028Z] [org.apache.juli.logging.DirectJDKLog] [main] [173] [INFO ] Initializing ProtocolHandler ["http-nio-8083"]
[2023-09-23T15:37:28.028Z] [org.apache.juli.logging.DirectJDKLog] [main] [173] [INFO ] Starting service [Tomcat]
[2023-09-23T15:37:28.028Z] [org.apache.juli.logging.DirectJDKLog] [main] [173] [INFO ] Starting Servlet engine: [Apache Tomcat/9.0.76]
[2023-09-23T15:37:28.028Z] [org.apache.juli.logging.DirectJDKLog] [main] [173] [INFO ] Initializing Spring embedded WebApplicationContext
[2023-09-23T15:37:28.028Z] [org.springframework.boot.web.servlet.context.ServletWebServerApplicationContext] [main] [292] [INFO ] Root WebApplicationContext: initialization completed in 1799 ms
[2023-09-23T15:37:28.028Z] [com.zaxxer.hikari.HikariDataSource] [main] [110] [INFO ] HikariPool-1 - Starting...
[2023-09-23T15:37:28.028Z] [com.zaxxer.hikari.HikariDataSource] [main] [123] [INFO ] HikariPool-1 - Start completed.
[2023-09-23T15:37:28.028Z] [org.springframework.boot.autoconfigure.h2.H2ConsoleAutoConfiguration] [main] [98] [INFO ] H2 console available at '/h2-console'. Database available at 'jdbc:h2:mem:testdb'
[2023-09-23T15:37:29.029Z] [org.hibernate.jpa.internal.util.LogHelper] [main] [31] [INFO ] HHH000204: Processing PersistenceUnitInfo [name: default]
[2023-09-23T15:37:29.029Z] [org.hibernate.Version] [main] [44] [INFO ] HHH000412: Hibernate ORM core version 5.6.15.Final
[2023-09-23T15:37:29.029Z] [org.hibernate.annotations.common.reflection.java.JavaReflectionManager] [main] [56] [INFO ] HCANN000001: Hibernate Commons Annotations {5.1.2.Final}
[2023-09-23T15:37:29.029Z] [org.hibernate.dialect.Dialect] [main] [175] [INFO ] HHH000400: Using dialect: org.hibernate.dialect.H2Dialect
[2023-09-23T15:37:29.029Z] [org.hibernate.engine.transaction.jta.platform.internal.JtaPlatformInitiator] [main] [52] [INFO ] HHH000490: Using JtaPlatform implementation: [org.hibernate.engine.transaction.jta.platform.internal.NoJtaPlatform]
[2023-09-23T15:37:30.030Z] [org.springframework.orm.jpa.AbstractEntityManagerFactoryBean] [main] [437] [INFO ] Initialized JPA EntityManagerFactory for persistence unit 'default'
[2023-09-23T15:37:30.030Z] [org.springframework.boot.autoconfigure.orm.jpa.JpaBaseConfiguration$JpaWebConfiguration] [main] [223] [WARN ] spring.jpa.open-in-view is enabled by default. Therefore, database queries may be performed during view rendering. Explicitly configure spring.jpa.open-in-view to disable this warning
[2023-09-23T15:37:30.030Z] [org.apache.juli.logging.DirectJDKLog] [main] [173] [INFO ] Starting ProtocolHandler ["http-nio-8083"]
[2023-09-23T15:37:30.030Z] [org.springframework.boot.web.embedded.tomcat.TomcatWebServer] [main] [220] [INFO ] Tomcat started on port(s): 8083 (http) with context path ''
[2023-09-23T15:37:30.030Z] [org.springframework.boot.StartupInfoLogger] [main] [61] [INFO ] Started CustomerApplication in 4.596 seconds (JVM running for 5.139)
[2023-09-23T15:37:54.054Z] [org.apache.juli.logging.DirectJDKLog] [http-nio-8083-exec-1] [173] [INFO ] Initializing Spring DispatcherServlet 'dispatcherServlet'
[2023-09-23T15:37:54.054Z] [org.springframework.web.servlet.FrameworkServlet] [http-nio-8083-exec-1] [525] [INFO ] Initializing Servlet 'dispatcherServlet'
[2023-09-23T15:37:54.054Z] [org.springframework.web.servlet.FrameworkServlet] [http-nio-8083-exec-1] [547] [INFO ] Completed initialization in 4 ms
[2023-09-23T15:38:02.002Z] [com.market.customer.service.CustomerService] [http-nio-8083-exec-3] [56] [INFO ] Customer deleted successfully
[2023-09-23T15:38:15.015Z] [com.market.customer.service.CustomerService] [http-nio-8083-exec-4] [61] [ERROR] Invalid Id: 3
[2023-09-28T14:32:03.003Z] [org.springframework.test.context.support.AbstractTestContextBootstrapper] [main] [305] [INFO ] Neither @ContextConfiguration nor @ContextHierarchy found for test class [com.market.customer.CustomerApplicationTests], using SpringBootContextLoader
[2023-09-28T14:32:03.003Z] [org.springframework.test.context.support.AbstractContextLoader] [main] [264] [INFO ] Could not detect default resource locations for test class [com.market.customer.CustomerApplicationTests]: no resource found for suffixes {-context.xml, Context.groovy}.
[2023-09-28T14:32:03.003Z] [org.springframework.test.context.support.AnnotationConfigContextLoaderUtils] [main] [83] [INFO ] Could not detect default configuration classes for test class [com.market.customer.CustomerApplicationTests]: CustomerApplicationTests does not declare any static, non-private, non-final, nested classes annotated with @Configuration.
[2023-09-28T14:32:04.004Z] [org.springframework.boot.test.context.SpringBootTestContextBootstrapper] [main] [239] [INFO ] Found @SpringBootConfiguration com.market.customer.CustomerApplication for test class com.market.customer.CustomerApplicationTests
[2023-09-28T14:32:04.004Z] [org.springframework.test.context.support.AbstractTestContextBootstrapper] [main] [245] [INFO ] Loaded default TestExecutionListener class names from location [META-INF/spring.factories]: [org.springframework.boot.test.mock.mockito.MockitoTestExecutionListener, org.springframework.boot.test.mock.mockito.ResetMocksTestExecutionListener, org.springframework.boot.test.autoconfigure.restdocs.RestDocsTestExecutionListener, org.springframework.boot.test.autoconfigure.web.client.MockRestServiceServerResetTestExecutionListener, org.springframework.boot.test.autoconfigure.web.servlet.MockMvcPrintOnlyOnFailureTestExecutionListener, org.springframework.boot.test.autoconfigure.web.servlet.WebDriverTestExecutionListener, org.springframework.boot.test.autoconfigure.webservices.client.MockWebServiceServerTestExecutionListener, org.springframework.test.context.web.ServletTestExecutionListener, org.springframework.test.context.support.DirtiesContextBeforeModesTestExecutionListener, org.springframework.test.context.event.ApplicationEventsTestExecutionListener, org.springframework.test.context.support.DependencyInjectionTestExecutionListener, org.springframework.test.context.support.DirtiesContextTestExecutionListener, org.springframework.test.context.transaction.TransactionalTestExecutionListener, org.springframework.test.context.jdbc.SqlScriptsTestExecutionListener, org.springframework.test.context.event.EventPublishingTestExecutionListener]
[2023-09-28T14:32:04.004Z] [org.springframework.test.context.support.AbstractTestContextBootstrapper] [main] [174] [INFO ] Using TestExecutionListeners: [org.springframework.test.context.web.ServletTestExecutionListener@70a36a66, org.springframework.test.context.support.DirtiesContextBeforeModesTestExecutionListener@45815ffc, org.springframework.test.context.event.ApplicationEventsTestExecutionListener@732f29af, org.springframework.boot.test.mock.mockito.MockitoTestExecutionListener@d3957fe, org.springframework.boot.test.autoconfigure.SpringBootDependencyInjectionTestExecutionListener@6622fc65, org.springframework.test.context.support.DirtiesContextTestExecutionListener@299321e2, org.springframework.test.context.transaction.TransactionalTestExecutionListener@23fb172e, org.springframework.test.context.jdbc.SqlScriptsTestExecutionListener@64ba3208, org.springframework.test.context.event.EventPublishingTestExecutionListener@158a3b2e, org.springframework.boot.test.mock.mockito.ResetMocksTestExecutionListener@25a6944c, org.springframework.boot.test.autoconfigure.restdocs.RestDocsTestExecutionListener@5e1fa5b1, org.springframework.boot.test.autoconfigure.web.client.MockRestServiceServerResetTestExecutionListener@6b00f608, org.springframework.boot.test.autoconfigure.web.servlet.MockMvcPrintOnlyOnFailureTestExecutionListener@2f17e30d, org.springframework.boot.test.autoconfigure.web.servlet.WebDriverTestExecutionListener@3e821657, org.springframework.boot.test.autoconfigure.webservices.client.MockWebServiceServerTestExecutionListener@1d131e1b]
[2023-09-28T14:32:04.004Z] [org.springframework.boot.StartupInfoLogger] [main] [55] [INFO ] Starting CustomerApplicationTests using Java 20.0.1 on INBook_X1 with PID 14340 (started by saura in D:\Projects\customer\customer)
[2023-09-28T14:32:04.004Z] [org.springframework.boot.SpringApplication] [main] [631] [INFO ] No active profile set, falling back to 1 default profile: "default"
[2023-09-28T14:32:05.005Z] [org.springframework.data.repository.config.RepositoryConfigurationDelegate] [main] [132] [INFO ] Bootstrapping Spring Data JPA repositories in DEFAULT mode.
[2023-09-28T14:32:05.005Z] [org.springframework.data.repository.config.RepositoryConfigurationDelegate] [main] [201] [INFO ] Finished Spring Data repository scanning in 54 ms. Found 1 JPA repository interfaces.
[2023-09-28T14:32:05.005Z] [com.zaxxer.hikari.HikariDataSource] [main] [110] [INFO ] HikariPool-1 - Starting...
[2023-09-28T14:32:05.005Z] [com.zaxxer.hikari.HikariDataSource] [main] [123] [INFO ] HikariPool-1 - Start completed.
[2023-09-28T14:32:05.005Z] [org.hibernate.jpa.internal.util.LogHelper] [main] [31] [INFO ] HHH000204: Processing PersistenceUnitInfo [name: default]
[2023-09-28T14:32:06.006Z] [org.hibernate.Version] [main] [44] [INFO ] HHH000412: Hibernate ORM core version 5.6.15.Final
[2023-09-28T14:32:06.006Z] [org.hibernate.annotations.common.reflection.java.JavaReflectionManager] [main] [56] [INFO ] HCANN000001: Hibernate Commons Annotations {5.1.2.Final}
[2023-09-28T14:32:06.006Z] [org.hibernate.dialect.Dialect] [main] [175] [INFO ] HHH000400: Using dialect: org.hibernate.dialect.H2Dialect
[2023-09-28T14:32:06.006Z] [org.hibernate.engine.transaction.jta.platform.internal.JtaPlatformInitiator] [main] [52] [INFO ] HHH000490: Using JtaPlatform implementation: [org.hibernate.engine.transaction.jta.platform.internal.NoJtaPlatform]
[2023-09-28T14:32:06.006Z] [org.springframework.orm.jpa.AbstractEntityManagerFactoryBean] [main] [437] [INFO ] Initialized JPA EntityManagerFactory for persistence unit 'default'
[2023-09-28T14:32:07.007Z] [org.springframework.boot.autoconfigure.orm.jpa.JpaBaseConfiguration$JpaWebConfiguration] [main] [223] [WARN ] spring.jpa.open-in-view is enabled by default. Therefore, database queries may be performed during view rendering. Explicitly configure spring.jpa.open-in-view to disable this warning
[2023-09-28T14:32:07.007Z] [org.springframework.boot.autoconfigure.h2.H2ConsoleAutoConfiguration] [main] [98] [INFO ] H2 console available at '/h2-console'. Database available at 'jdbc:h2:mem:testdb'
[2023-09-28T14:32:08.008Z] [org.springframework.boot.StartupInfoLogger] [main] [61] [INFO ] Started CustomerApplicationTests in 3.985 seconds (JVM running for 4.946)
[2023-09-28T14:32:08.008Z] [org.springframework.orm.jpa.AbstractEntityManagerFactoryBean] [SpringApplicationShutdownHook] [651] [INFO ] Closing JPA EntityManagerFactory for persistence unit 'default'
[2023-09-28T14:32:08.008Z] [org.hibernate.tool.schema.internal.SchemaDropperImpl$DelayedDropActionImpl] [SpringApplicationShutdownHook] [538] [INFO ] HHH000477: Starting delayed evictData of schema as part of SessionFactory shut-down'
[2023-09-28T14:32:08.008Z] [com.zaxxer.hikari.HikariDataSource] [SpringApplicationShutdownHook] [350] [INFO ] HikariPool-1 - Shutdown initiated...
[2023-09-28T14:32:08.008Z] [com.zaxxer.hikari.HikariDataSource] [SpringApplicationShutdownHook] [352] [INFO ] HikariPool-1 - Shutdown completed.
